\BOOKMARK [0][-]{chapter.1}{Einleitung}{}% 1
\BOOKMARK [1][-]{section.1.1}{Single nucliotide polymorphism \(SNP\)}{chapter.1}% 2
\BOOKMARK [1][-]{section.1.2}{Anwendung}{chapter.1}% 3
\BOOKMARK [2][-]{subsection.1.2.1}{Personalisierte Medizin}{section.1.2}% 4
\BOOKMARK [1][-]{section.1.3}{Next generation sequencing}{chapter.1}% 5
\BOOKMARK [0][-]{chapter.2}{Methoden}{}% 6
\BOOKMARK [1][-]{section.2.1}{Bloom Filter}{chapter.2}% 7
\BOOKMARK [1][-]{section.2.2}{Kryptosysteme}{chapter.2}% 8
\BOOKMARK [2][-]{subsection.2.2.1}{Homomorphie}{section.2.2}% 9
\BOOKMARK [2][-]{subsection.2.2.2}{Elgamal}{section.2.2}% 10
\BOOKMARK [2][-]{subsection.2.2.3}{Pailier}{section.2.2}% 11
\BOOKMARK [2][-]{subsection.2.2.4}{Goldwasser-micali}{section.2.2}% 12
\BOOKMARK [1][-]{section.2.3}{Implementierte Algorithmen}{chapter.2}% 13
\BOOKMARK [2][-]{subsection.2.3.1}{Algorithmus 1 - Elgamal}{section.2.3}% 14
\BOOKMARK [2][-]{subsection.2.3.2}{Algorithmus 2 - Paillier}{section.2.3}% 15
\BOOKMARK [0][-]{chapter.3}{Ergebnisse}{}% 16
\BOOKMARK [1][-]{section.3.1}{Algo elgamal}{chapter.3}% 17
\BOOKMARK [1][-]{section.3.2}{Algo 1}{chapter.3}% 18
\BOOKMARK [0][-]{chapter.4}{Diskussion}{}% 19
\BOOKMARK [1][-]{section.4.1}{Elgamal basierter Algorithmus}{chapter.4}% 20
\BOOKMARK [1][-]{section.4.2}{Paillier basierter Algorithmus}{chapter.4}% 21
\BOOKMARK [1][-]{section.4.3}{Vergleich der Algorithmen}{chapter.4}% 22
\BOOKMARK [1][-]{section.4.4}{Anwendbarkeit und Ausblick}{chapter.4}% 23
